<?xml version="1.0" encoding="UTF-8"?>
<testsuite xmlns:xsi="http://www.w3.org/2001/XMLSchema-instance" xsi:noNamespaceSchemaLocation="https://maven.apache.org/surefire/maven-surefire-plugin/xsd/surefire-test-report.xsd" name="com.app.crud.CrudApplicationTests" time="6.684" tests="1" errors="0" skipped="0" failures="0">
  <properties>
    <property name="java.specification.version" value="17"/>
    <property name="sun.cpu.isalist" value="amd64"/>
    <property name="sun.jnu.encoding" value="Cp1252"/>
    <property name="java.class.path" value="C:\Users\Astegic\eclipse-workspace\crud\target\test-classes;C:\Users\Astegic\eclipse-workspace\crud\target\classes;C:\Users\Astegic\.m2\repository\org\apache\tomcat\tomcat-jasper\10.0.18\tomcat-jasper-10.0.18.jar;C:\Users\Astegic\.m2\repository\org\apache\tomcat\tomcat-servlet-api\10.0.18\tomcat-servlet-api-10.0.18.jar;C:\Users\Astegic\.m2\repository\org\apache\tomcat\tomcat-juli\10.0.18\tomcat-juli-10.0.18.jar;C:\Users\Astegic\.m2\repository\org\apache\tomcat\tomcat-jsp-api\10.0.18\tomcat-jsp-api-10.0.18.jar;C:\Users\Astegic\.m2\repository\org\apache\tomcat\tomcat-el-api\10.0.18\tomcat-el-api-10.0.18.jar;C:\Users\Astegic\.m2\repository\org\eclipse\jdt\ecj\3.26.0\ecj-3.26.0.jar;C:\Users\Astegic\.m2\repository\org\apache\tomcat\tomcat-jasper-el\10.0.18\tomcat-jasper-el-10.0.18.jar;C:\Users\Astegic\.m2\repository\org\apache\tomcat\tomcat-api\10.0.18\tomcat-api-10.0.18.jar;C:\Users\Astegic\.m2\repository\org\apache\tomcat\tomcat-util-scan\10.0.18\tomcat-util-scan-10.0.18.jar;C:\Users\Astegic\.m2\repository\org\apache\tomcat\tomcat-util\10.0.18\tomcat-util-10.0.18.jar;C:\Users\Astegic\.m2\repository\org\springframework\boot\spring-boot-starter-web\3.0.0-M2\spring-boot-starter-web-3.0.0-M2.jar;C:\Users\Astegic\.m2\repository\org\springframework\boot\spring-boot-starter\3.0.0-M2\spring-boot-starter-3.0.0-M2.jar;C:\Users\Astegic\.m2\repository\org\springframework\boot\spring-boot\3.0.0-M2\spring-boot-3.0.0-M2.jar;C:\Users\Astegic\.m2\repository\org\springframework\boot\spring-boot-autoconfigure\3.0.0-M2\spring-boot-autoconfigure-3.0.0-M2.jar;C:\Users\Astegic\.m2\repository\org\springframework\boot\spring-boot-starter-logging\3.0.0-M2\spring-boot-starter-logging-3.0.0-M2.jar;C:\Users\Astegic\.m2\repository\ch\qos\logback\logback-classic\1.2.11\logback-classic-1.2.11.jar;C:\Users\Astegic\.m2\repository\ch\qos\logback\logback-core\1.2.11\logback-core-1.2.11.jar;C:\Users\Astegic\.m2\repository\org\apache\logging\log4j\log4j-to-slf4j\2.17.2\log4j-to-slf4j-2.17.2.jar;C:\Users\Astegic\.m2\repository\org\apache\logging\log4j\log4j-api\2.17.2\log4j-api-2.17.2.jar;C:\Users\Astegic\.m2\repository\org\slf4j\jul-to-slf4j\1.7.36\jul-to-slf4j-1.7.36.jar;C:\Users\Astegic\.m2\repository\jakarta\annotation\jakarta.annotation-api\2.0.0\jakarta.annotation-api-2.0.0.jar;C:\Users\Astegic\.m2\repository\org\yaml\snakeyaml\1.30\snakeyaml-1.30.jar;C:\Users\Astegic\.m2\repository\org\springframework\boot\spring-boot-starter-json\3.0.0-M2\spring-boot-starter-json-3.0.0-M2.jar;C:\Users\Astegic\.m2\repository\com\fasterxml\jackson\core\jackson-databind\2.13.2\jackson-databind-2.13.2.jar;C:\Users\Astegic\.m2\repository\com\fasterxml\jackson\core\jackson-annotations\2.13.2\jackson-annotations-2.13.2.jar;C:\Users\Astegic\.m2\repository\com\fasterxml\jackson\core\jackson-core\2.13.2\jackson-core-2.13.2.jar;C:\Users\Astegic\.m2\repository\com\fasterxml\jackson\datatype\jackson-datatype-jdk8\2.13.2\jackson-datatype-jdk8-2.13.2.jar;C:\Users\Astegic\.m2\repository\com\fasterxml\jackson\datatype\jackson-datatype-jsr310\2.13.2\jackson-datatype-jsr310-2.13.2.jar;C:\Users\Astegic\.m2\repository\com\fasterxml\jackson\module\jackson-module-parameter-names\2.13.2\jackson-module-parameter-names-2.13.2.jar;C:\Users\Astegic\.m2\repository\org\springframework\boot\spring-boot-starter-tomcat\3.0.0-M2\spring-boot-starter-tomcat-3.0.0-M2.jar;C:\Users\Astegic\.m2\repository\org\apache\tomcat\embed\tomcat-embed-core\10.0.18\tomcat-embed-core-10.0.18.jar;C:\Users\Astegic\.m2\repository\org\apache\tomcat\embed\tomcat-embed-el\10.0.18\tomcat-embed-el-10.0.18.jar;C:\Users\Astegic\.m2\repository\org\apache\tomcat\embed\tomcat-embed-websocket\10.0.18\tomcat-embed-websocket-10.0.18.jar;C:\Users\Astegic\.m2\repository\org\springframework\spring-web\6.0.0-M3\spring-web-6.0.0-M3.jar;C:\Users\Astegic\.m2\repository\org\springframework\spring-beans\6.0.0-M3\spring-beans-6.0.0-M3.jar;C:\Users\Astegic\.m2\repository\org\springframework\spring-webmvc\6.0.0-M3\spring-webmvc-6.0.0-M3.jar;C:\Users\Astegic\.m2\repository\org\springframework\spring-aop\6.0.0-M3\spring-aop-6.0.0-M3.jar;C:\Users\Astegic\.m2\repository\org\springframework\spring-context\6.0.0-M3\spring-context-6.0.0-M3.jar;C:\Users\Astegic\.m2\repository\org\springframework\spring-expression\6.0.0-M3\spring-expression-6.0.0-M3.jar;C:\Users\Astegic\.m2\repository\org\springframework\boot\spring-boot-starter-webflux\3.0.0-M2\spring-boot-starter-webflux-3.0.0-M2.jar;C:\Users\Astegic\.m2\repository\org\springframework\boot\spring-boot-starter-reactor-netty\3.0.0-M2\spring-boot-starter-reactor-netty-3.0.0-M2.jar;C:\Users\Astegic\.m2\repository\io\projectreactor\netty\reactor-netty-http\1.0.17\reactor-netty-http-1.0.17.jar;C:\Users\Astegic\.m2\repository\io\netty\netty-codec-http\4.1.75.Final\netty-codec-http-4.1.75.Final.jar;C:\Users\Astegic\.m2\repository\io\netty\netty-common\4.1.75.Final\netty-common-4.1.75.Final.jar;C:\Users\Astegic\.m2\repository\io\netty\netty-buffer\4.1.75.Final\netty-buffer-4.1.75.Final.jar;C:\Users\Astegic\.m2\repository\io\netty\netty-transport\4.1.75.Final\netty-transport-4.1.75.Final.jar;C:\Users\Astegic\.m2\repository\io\netty\netty-codec\4.1.75.Final\netty-codec-4.1.75.Final.jar;C:\Users\Astegic\.m2\repository\io\netty\netty-handler\4.1.75.Final\netty-handler-4.1.75.Final.jar;C:\Users\Astegic\.m2\repository\io\netty\netty-codec-http2\4.1.75.Final\netty-codec-http2-4.1.75.Final.jar;C:\Users\Astegic\.m2\repository\io\netty\netty-resolver-dns\4.1.75.Final\netty-resolver-dns-4.1.75.Final.jar;C:\Users\Astegic\.m2\repository\io\netty\netty-resolver\4.1.75.Final\netty-resolver-4.1.75.Final.jar;C:\Users\Astegic\.m2\repository\io\netty\netty-codec-dns\4.1.75.Final\netty-codec-dns-4.1.75.Final.jar;C:\Users\Astegic\.m2\repository\io\netty\netty-resolver-dns-native-macos\4.1.75.Final\netty-resolver-dns-native-macos-4.1.75.Final-osx-x86_64.jar;C:\Users\Astegic\.m2\repository\io\netty\netty-resolver-dns-classes-macos\4.1.75.Final\netty-resolver-dns-classes-macos-4.1.75.Final.jar;C:\Users\Astegic\.m2\repository\io\netty\netty-transport-native-epoll\4.1.75.Final\netty-transport-native-epoll-4.1.75.Final-linux-x86_64.jar;C:\Users\Astegic\.m2\repository\io\netty\netty-transport-native-unix-common\4.1.75.Final\netty-transport-native-unix-common-4.1.75.Final.jar;C:\Users\Astegic\.m2\repository\io\netty\netty-transport-classes-epoll\4.1.75.Final\netty-transport-classes-epoll-4.1.75.Final.jar;C:\Users\Astegic\.m2\repository\io\projectreactor\netty\reactor-netty-core\1.0.17\reactor-netty-core-1.0.17.jar;C:\Users\Astegic\.m2\repository\io\netty\netty-handler-proxy\4.1.75.Final\netty-handler-proxy-4.1.75.Final.jar;C:\Users\Astegic\.m2\repository\io\netty\netty-codec-socks\4.1.75.Final\netty-codec-socks-4.1.75.Final.jar;C:\Users\Astegic\.m2\repository\org\springframework\spring-webflux\6.0.0-M3\spring-webflux-6.0.0-M3.jar;C:\Users\Astegic\.m2\repository\io\projectreactor\reactor-core\3.4.16\reactor-core-3.4.16.jar;C:\Users\Astegic\.m2\repository\org\reactivestreams\reactive-streams\1.0.3\reactive-streams-1.0.3.jar;C:\Users\Astegic\.m2\repository\mysql\mysql-connector-java\8.0.28\mysql-connector-java-8.0.28.jar;C:\Users\Astegic\.m2\repository\org\springframework\boot\spring-boot-starter-test\3.0.0-M2\spring-boot-starter-test-3.0.0-M2.jar;C:\Users\Astegic\.m2\repository\org\springframework\boot\spring-boot-test\3.0.0-M2\spring-boot-test-3.0.0-M2.jar;C:\Users\Astegic\.m2\repository\org\springframework\boot\spring-boot-test-autoconfigure\3.0.0-M2\spring-boot-test-autoconfigure-3.0.0-M2.jar;C:\Users\Astegic\.m2\repository\com\jayway\jsonpath\json-path\2.7.0\json-path-2.7.0.jar;C:\Users\Astegic\.m2\repository\net\minidev\json-smart\2.4.8\json-smart-2.4.8.jar;C:\Users\Astegic\.m2\repository\net\minidev\accessors-smart\2.4.8\accessors-smart-2.4.8.jar;C:\Users\Astegic\.m2\repository\org\ow2\asm\asm\9.1\asm-9.1.jar;C:\Users\Astegic\.m2\repository\org\slf4j\slf4j-api\1.7.36\slf4j-api-1.7.36.jar;C:\Users\Astegic\.m2\repository\jakarta\xml\bind\jakarta.xml.bind-api\3.0.1\jakarta.xml.bind-api-3.0.1.jar;C:\Users\Astegic\.m2\repository\com\sun\activation\jakarta.activation\2.0.1\jakarta.activation-2.0.1.jar;C:\Users\Astegic\.m2\repository\org\assertj\assertj-core\3.22.0\assertj-core-3.22.0.jar;C:\Users\Astegic\.m2\repository\org\hamcrest\hamcrest\2.2\hamcrest-2.2.jar;C:\Users\Astegic\.m2\repository\org\junit\jupiter\junit-jupiter\5.8.2\junit-jupiter-5.8.2.jar;C:\Users\Astegic\.m2\repository\org\junit\jupiter\junit-jupiter-api\5.8.2\junit-jupiter-api-5.8.2.jar;C:\Users\Astegic\.m2\repository\org\opentest4j\opentest4j\1.2.0\opentest4j-1.2.0.jar;C:\Users\Astegic\.m2\repository\org\junit\platform\junit-platform-commons\1.8.2\junit-platform-commons-1.8.2.jar;C:\Users\Astegic\.m2\repository\org\apiguardian\apiguardian-api\1.1.2\apiguardian-api-1.1.2.jar;C:\Users\Astegic\.m2\repository\org\junit\jupiter\junit-jupiter-params\5.8.2\junit-jupiter-params-5.8.2.jar;C:\Users\Astegic\.m2\repository\org\junit\jupiter\junit-jupiter-engine\5.8.2\junit-jupiter-engine-5.8.2.jar;C:\Users\Astegic\.m2\repository\org\junit\platform\junit-platform-engine\1.8.2\junit-platform-engine-1.8.2.jar;C:\Users\Astegic\.m2\repository\org\mockito\mockito-core\4.4.0\mockito-core-4.4.0.jar;C:\Users\Astegic\.m2\repository\net\bytebuddy\byte-buddy\1.12.8\byte-buddy-1.12.8.jar;C:\Users\Astegic\.m2\repository\net\bytebuddy\byte-buddy-agent\1.12.8\byte-buddy-agent-1.12.8.jar;C:\Users\Astegic\.m2\repository\org\objenesis\objenesis\3.2\objenesis-3.2.jar;C:\Users\Astegic\.m2\repository\org\mockito\mockito-junit-jupiter\4.4.0\mockito-junit-jupiter-4.4.0.jar;C:\Users\Astegic\.m2\repository\org\skyscreamer\jsonassert\1.5.0\jsonassert-1.5.0.jar;C:\Users\Astegic\.m2\repository\com\vaadin\external\google\android-json\0.0.20131108.vaadin1\android-json-0.0.20131108.vaadin1.jar;C:\Users\Astegic\.m2\repository\org\springframework\spring-core\6.0.0-M3\spring-core-6.0.0-M3.jar;C:\Users\Astegic\.m2\repository\org\springframework\spring-jcl\6.0.0-M3\spring-jcl-6.0.0-M3.jar;C:\Users\Astegic\.m2\repository\org\springframework\spring-test\6.0.0-M3\spring-test-6.0.0-M3.jar;C:\Users\Astegic\.m2\repository\org\xmlunit\xmlunit-core\2.9.0\xmlunit-core-2.9.0.jar;C:\Users\Astegic\.m2\repository\org\springframework\boot\spring-boot-starter-data-jpa\3.0.0-M2\spring-boot-starter-data-jpa-3.0.0-M2.jar;C:\Users\Astegic\.m2\repository\org\springframework\boot\spring-boot-starter-aop\3.0.0-M2\spring-boot-starter-aop-3.0.0-M2.jar;C:\Users\Astegic\.m2\repository\org\aspectj\aspectjweaver\1.9.9\aspectjweaver-1.9.9.jar;C:\Users\Astegic\.m2\repository\org\springframework\boot\spring-boot-starter-jdbc\3.0.0-M2\spring-boot-starter-jdbc-3.0.0-M2.jar;C:\Users\Astegic\.m2\repository\com\zaxxer\HikariCP\5.0.1\HikariCP-5.0.1.jar;C:\Users\Astegic\.m2\repository\org\springframework\spring-jdbc\6.0.0-M3\spring-jdbc-6.0.0-M3.jar;C:\Users\Astegic\.m2\repository\org\hibernate\hibernate-core-jakarta\5.6.7.Final\hibernate-core-jakarta-5.6.7.Final.jar;C:\Users\Astegic\.m2\repository\org\jboss\logging\jboss-logging\3.4.3.Final\jboss-logging-3.4.3.Final.jar;C:\Users\Astegic\.m2\repository\jakarta\persistence\jakarta.persistence-api\3.0.0\jakarta.persistence-api-3.0.0.jar;C:\Users\Astegic\.m2\repository\antlr\antlr\2.7.7\antlr-2.7.7.jar;C:\Users\Astegic\.m2\repository\jakarta\transaction\jakarta.transaction-api\2.0.0\jakarta.transaction-api-2.0.0.jar;C:\Users\Astegic\.m2\repository\org\jboss\jandex\2.4.2.Final\jandex-2.4.2.Final.jar;C:\Users\Astegic\.m2\repository\com\fasterxml\classmate\1.5.1\classmate-1.5.1.jar;C:\Users\Astegic\.m2\repository\org\dom4j\dom4j\2.1.3\dom4j-2.1.3.jar;C:\Users\Astegic\.m2\repository\org\hibernate\common\hibernate-commons-annotations\5.1.2.Final\hibernate-commons-annotations-5.1.2.Final.jar;C:\Users\Astegic\.m2\repository\org\glassfish\jaxb\jaxb-runtime\3.0.2\jaxb-runtime-3.0.2.jar;C:\Users\Astegic\.m2\repository\org\glassfish\jaxb\jaxb-core\3.0.2\jaxb-core-3.0.2.jar;C:\Users\Astegic\.m2\repository\org\glassfish\jaxb\txw2\3.0.2\txw2-3.0.2.jar;C:\Users\Astegic\.m2\repository\com\sun\istack\istack-commons-runtime\4.0.1\istack-commons-runtime-4.0.1.jar;C:\Users\Astegic\.m2\repository\org\springframework\data\spring-data-jpa\3.0.0-M3\spring-data-jpa-3.0.0-M3.jar;C:\Users\Astegic\.m2\repository\org\springframework\data\spring-data-commons\3.0.0-M3\spring-data-commons-3.0.0-M3.jar;C:\Users\Astegic\.m2\repository\org\springframework\spring-orm\6.0.0-M3\spring-orm-6.0.0-M3.jar;C:\Users\Astegic\.m2\repository\org\springframework\spring-tx\6.0.0-M3\spring-tx-6.0.0-M3.jar;C:\Users\Astegic\.m2\repository\org\springframework\spring-aspects\6.0.0-M3\spring-aspects-6.0.0-M3.jar;"/>
    <property name="java.vm.vendor" value="Oracle Corporation"/>
    <property name="sun.arch.data.model" value="64"/>
    <property name="user.variant" value=""/>
    <property name="java.vendor.url" value="https://java.oracle.com/"/>
    <property name="user.timezone" value="Asia/Calcutta"/>
    <property name="os.name" value="Windows 10"/>
    <property name="java.vm.specification.version" value="17"/>
    <property name="sun.java.launcher" value="SUN_STANDARD"/>
    <property name="user.country" value="IN"/>
    <property name="sun.boot.library.path" value="C:\Program Files\Java\jdk-17.0.1\bin"/>
    <property name="sun.java.command" value="C:\Users\Astegic\AppData\Local\Temp\surefire4273793119627360975\surefirebooter3862378878744965390.jar C:\Users\Astegic\AppData\Local\Temp\surefire4273793119627360975 2022-04-26T11-10-16_998-jvmRun1 surefire12469928602426975275tmp surefire_014432392704184390368tmp"/>
    <property name="jdk.debug" value="release"/>
    <property name="surefire.test.class.path" value="C:\Users\Astegic\eclipse-workspace\crud\target\test-classes;C:\Users\Astegic\eclipse-workspace\crud\target\classes;C:\Users\Astegic\.m2\repository\org\apache\tomcat\tomcat-jasper\10.0.18\tomcat-jasper-10.0.18.jar;C:\Users\Astegic\.m2\repository\org\apache\tomcat\tomcat-servlet-api\10.0.18\tomcat-servlet-api-10.0.18.jar;C:\Users\Astegic\.m2\repository\org\apache\tomcat\tomcat-juli\10.0.18\tomcat-juli-10.0.18.jar;C:\Users\Astegic\.m2\repository\org\apache\tomcat\tomcat-jsp-api\10.0.18\tomcat-jsp-api-10.0.18.jar;C:\Users\Astegic\.m2\repository\org\apache\tomcat\tomcat-el-api\10.0.18\tomcat-el-api-10.0.18.jar;C:\Users\Astegic\.m2\repository\org\eclipse\jdt\ecj\3.26.0\ecj-3.26.0.jar;C:\Users\Astegic\.m2\repository\org\apache\tomcat\tomcat-jasper-el\10.0.18\tomcat-jasper-el-10.0.18.jar;C:\Users\Astegic\.m2\repository\org\apache\tomcat\tomcat-api\10.0.18\tomcat-api-10.0.18.jar;C:\Users\Astegic\.m2\repository\org\apache\tomcat\tomcat-util-scan\10.0.18\tomcat-util-scan-10.0.18.jar;C:\Users\Astegic\.m2\repository\org\apache\tomcat\tomcat-util\10.0.18\tomcat-util-10.0.18.jar;C:\Users\Astegic\.m2\repository\org\springframework\boot\spring-boot-starter-web\3.0.0-M2\spring-boot-starter-web-3.0.0-M2.jar;C:\Users\Astegic\.m2\repository\org\springframework\boot\spring-boot-starter\3.0.0-M2\spring-boot-starter-3.0.0-M2.jar;C:\Users\Astegic\.m2\repository\org\springframework\boot\spring-boot\3.0.0-M2\spring-boot-3.0.0-M2.jar;C:\Users\Astegic\.m2\repository\org\springframework\boot\spring-boot-autoconfigure\3.0.0-M2\spring-boot-autoconfigure-3.0.0-M2.jar;C:\Users\Astegic\.m2\repository\org\springframework\boot\spring-boot-starter-logging\3.0.0-M2\spring-boot-starter-logging-3.0.0-M2.jar;C:\Users\Astegic\.m2\repository\ch\qos\logback\logback-classic\1.2.11\logback-classic-1.2.11.jar;C:\Users\Astegic\.m2\repository\ch\qos\logback\logback-core\1.2.11\logback-core-1.2.11.jar;C:\Users\Astegic\.m2\repository\org\apache\logging\log4j\log4j-to-slf4j\2.17.2\log4j-to-slf4j-2.17.2.jar;C:\Users\Astegic\.m2\repository\org\apache\logging\log4j\log4j-api\2.17.2\log4j-api-2.17.2.jar;C:\Users\Astegic\.m2\repository\org\slf4j\jul-to-slf4j\1.7.36\jul-to-slf4j-1.7.36.jar;C:\Users\Astegic\.m2\repository\jakarta\annotation\jakarta.annotation-api\2.0.0\jakarta.annotation-api-2.0.0.jar;C:\Users\Astegic\.m2\repository\org\yaml\snakeyaml\1.30\snakeyaml-1.30.jar;C:\Users\Astegic\.m2\repository\org\springframework\boot\spring-boot-starter-json\3.0.0-M2\spring-boot-starter-json-3.0.0-M2.jar;C:\Users\Astegic\.m2\repository\com\fasterxml\jackson\core\jackson-databind\2.13.2\jackson-databind-2.13.2.jar;C:\Users\Astegic\.m2\repository\com\fasterxml\jackson\core\jackson-annotations\2.13.2\jackson-annotations-2.13.2.jar;C:\Users\Astegic\.m2\repository\com\fasterxml\jackson\core\jackson-core\2.13.2\jackson-core-2.13.2.jar;C:\Users\Astegic\.m2\repository\com\fasterxml\jackson\datatype\jackson-datatype-jdk8\2.13.2\jackson-datatype-jdk8-2.13.2.jar;C:\Users\Astegic\.m2\repository\com\fasterxml\jackson\datatype\jackson-datatype-jsr310\2.13.2\jackson-datatype-jsr310-2.13.2.jar;C:\Users\Astegic\.m2\repository\com\fasterxml\jackson\module\jackson-module-parameter-names\2.13.2\jackson-module-parameter-names-2.13.2.jar;C:\Users\Astegic\.m2\repository\org\springframework\boot\spring-boot-starter-tomcat\3.0.0-M2\spring-boot-starter-tomcat-3.0.0-M2.jar;C:\Users\Astegic\.m2\repository\org\apache\tomcat\embed\tomcat-embed-core\10.0.18\tomcat-embed-core-10.0.18.jar;C:\Users\Astegic\.m2\repository\org\apache\tomcat\embed\tomcat-embed-el\10.0.18\tomcat-embed-el-10.0.18.jar;C:\Users\Astegic\.m2\repository\org\apache\tomcat\embed\tomcat-embed-websocket\10.0.18\tomcat-embed-websocket-10.0.18.jar;C:\Users\Astegic\.m2\repository\org\springframework\spring-web\6.0.0-M3\spring-web-6.0.0-M3.jar;C:\Users\Astegic\.m2\repository\org\springframework\spring-beans\6.0.0-M3\spring-beans-6.0.0-M3.jar;C:\Users\Astegic\.m2\repository\org\springframework\spring-webmvc\6.0.0-M3\spring-webmvc-6.0.0-M3.jar;C:\Users\Astegic\.m2\repository\org\springframework\spring-aop\6.0.0-M3\spring-aop-6.0.0-M3.jar;C:\Users\Astegic\.m2\repository\org\springframework\spring-context\6.0.0-M3\spring-context-6.0.0-M3.jar;C:\Users\Astegic\.m2\repository\org\springframework\spring-expression\6.0.0-M3\spring-expression-6.0.0-M3.jar;C:\Users\Astegic\.m2\repository\org\springframework\boot\spring-boot-starter-webflux\3.0.0-M2\spring-boot-starter-webflux-3.0.0-M2.jar;C:\Users\Astegic\.m2\repository\org\springframework\boot\spring-boot-starter-reactor-netty\3.0.0-M2\spring-boot-starter-reactor-netty-3.0.0-M2.jar;C:\Users\Astegic\.m2\repository\io\projectreactor\netty\reactor-netty-http\1.0.17\reactor-netty-http-1.0.17.jar;C:\Users\Astegic\.m2\repository\io\netty\netty-codec-http\4.1.75.Final\netty-codec-http-4.1.75.Final.jar;C:\Users\Astegic\.m2\repository\io\netty\netty-common\4.1.75.Final\netty-common-4.1.75.Final.jar;C:\Users\Astegic\.m2\repository\io\netty\netty-buffer\4.1.75.Final\netty-buffer-4.1.75.Final.jar;C:\Users\Astegic\.m2\repository\io\netty\netty-transport\4.1.75.Final\netty-transport-4.1.75.Final.jar;C:\Users\Astegic\.m2\repository\io\netty\netty-codec\4.1.75.Final\netty-codec-4.1.75.Final.jar;C:\Users\Astegic\.m2\repository\io\netty\netty-handler\4.1.75.Final\netty-handler-4.1.75.Final.jar;C:\Users\Astegic\.m2\repository\io\netty\netty-codec-http2\4.1.75.Final\netty-codec-http2-4.1.75.Final.jar;C:\Users\Astegic\.m2\repository\io\netty\netty-resolver-dns\4.1.75.Final\netty-resolver-dns-4.1.75.Final.jar;C:\Users\Astegic\.m2\repository\io\netty\netty-resolver\4.1.75.Final\netty-resolver-4.1.75.Final.jar;C:\Users\Astegic\.m2\repository\io\netty\netty-codec-dns\4.1.75.Final\netty-codec-dns-4.1.75.Final.jar;C:\Users\Astegic\.m2\repository\io\netty\netty-resolver-dns-native-macos\4.1.75.Final\netty-resolver-dns-native-macos-4.1.75.Final-osx-x86_64.jar;C:\Users\Astegic\.m2\repository\io\netty\netty-resolver-dns-classes-macos\4.1.75.Final\netty-resolver-dns-classes-macos-4.1.75.Final.jar;C:\Users\Astegic\.m2\repository\io\netty\netty-transport-native-epoll\4.1.75.Final\netty-transport-native-epoll-4.1.75.Final-linux-x86_64.jar;C:\Users\Astegic\.m2\repository\io\netty\netty-transport-native-unix-common\4.1.75.Final\netty-transport-native-unix-common-4.1.75.Final.jar;C:\Users\Astegic\.m2\repository\io\netty\netty-transport-classes-epoll\4.1.75.Final\netty-transport-classes-epoll-4.1.75.Final.jar;C:\Users\Astegic\.m2\repository\io\projectreactor\netty\reactor-netty-core\1.0.17\reactor-netty-core-1.0.17.jar;C:\Users\Astegic\.m2\repository\io\netty\netty-handler-proxy\4.1.75.Final\netty-handler-proxy-4.1.75.Final.jar;C:\Users\Astegic\.m2\repository\io\netty\netty-codec-socks\4.1.75.Final\netty-codec-socks-4.1.75.Final.jar;C:\Users\Astegic\.m2\repository\org\springframework\spring-webflux\6.0.0-M3\spring-webflux-6.0.0-M3.jar;C:\Users\Astegic\.m2\repository\io\projectreactor\reactor-core\3.4.16\reactor-core-3.4.16.jar;C:\Users\Astegic\.m2\repository\org\reactivestreams\reactive-streams\1.0.3\reactive-streams-1.0.3.jar;C:\Users\Astegic\.m2\repository\mysql\mysql-connector-java\8.0.28\mysql-connector-java-8.0.28.jar;C:\Users\Astegic\.m2\repository\org\springframework\boot\spring-boot-starter-test\3.0.0-M2\spring-boot-starter-test-3.0.0-M2.jar;C:\Users\Astegic\.m2\repository\org\springframework\boot\spring-boot-test\3.0.0-M2\spring-boot-test-3.0.0-M2.jar;C:\Users\Astegic\.m2\repository\org\springframework\boot\spring-boot-test-autoconfigure\3.0.0-M2\spring-boot-test-autoconfigure-3.0.0-M2.jar;C:\Users\Astegic\.m2\repository\com\jayway\jsonpath\json-path\2.7.0\json-path-2.7.0.jar;C:\Users\Astegic\.m2\repository\net\minidev\json-smart\2.4.8\json-smart-2.4.8.jar;C:\Users\Astegic\.m2\repository\net\minidev\accessors-smart\2.4.8\accessors-smart-2.4.8.jar;C:\Users\Astegic\.m2\repository\org\ow2\asm\asm\9.1\asm-9.1.jar;C:\Users\Astegic\.m2\repository\org\slf4j\slf4j-api\1.7.36\slf4j-api-1.7.36.jar;C:\Users\Astegic\.m2\repository\jakarta\xml\bind\jakarta.xml.bind-api\3.0.1\jakarta.xml.bind-api-3.0.1.jar;C:\Users\Astegic\.m2\repository\com\sun\activation\jakarta.activation\2.0.1\jakarta.activation-2.0.1.jar;C:\Users\Astegic\.m2\repository\org\assertj\assertj-core\3.22.0\assertj-core-3.22.0.jar;C:\Users\Astegic\.m2\repository\org\hamcrest\hamcrest\2.2\hamcrest-2.2.jar;C:\Users\Astegic\.m2\repository\org\junit\jupiter\junit-jupiter\5.8.2\junit-jupiter-5.8.2.jar;C:\Users\Astegic\.m2\repository\org\junit\jupiter\junit-jupiter-api\5.8.2\junit-jupiter-api-5.8.2.jar;C:\Users\Astegic\.m2\repository\org\opentest4j\opentest4j\1.2.0\opentest4j-1.2.0.jar;C:\Users\Astegic\.m2\repository\org\junit\platform\junit-platform-commons\1.8.2\junit-platform-commons-1.8.2.jar;C:\Users\Astegic\.m2\repository\org\apiguardian\apiguardian-api\1.1.2\apiguardian-api-1.1.2.jar;C:\Users\Astegic\.m2\repository\org\junit\jupiter\junit-jupiter-params\5.8.2\junit-jupiter-params-5.8.2.jar;C:\Users\Astegic\.m2\repository\org\junit\jupiter\junit-jupiter-engine\5.8.2\junit-jupiter-engine-5.8.2.jar;C:\Users\Astegic\.m2\repository\org\junit\platform\junit-platform-engine\1.8.2\junit-platform-engine-1.8.2.jar;C:\Users\Astegic\.m2\repository\org\mockito\mockito-core\4.4.0\mockito-core-4.4.0.jar;C:\Users\Astegic\.m2\repository\net\bytebuddy\byte-buddy\1.12.8\byte-buddy-1.12.8.jar;C:\Users\Astegic\.m2\repository\net\bytebuddy\byte-buddy-agent\1.12.8\byte-buddy-agent-1.12.8.jar;C:\Users\Astegic\.m2\repository\org\objenesis\objenesis\3.2\objenesis-3.2.jar;C:\Users\Astegic\.m2\repository\org\mockito\mockito-junit-jupiter\4.4.0\mockito-junit-jupiter-4.4.0.jar;C:\Users\Astegic\.m2\repository\org\skyscreamer\jsonassert\1.5.0\jsonassert-1.5.0.jar;C:\Users\Astegic\.m2\repository\com\vaadin\external\google\android-json\0.0.20131108.vaadin1\android-json-0.0.20131108.vaadin1.jar;C:\Users\Astegic\.m2\repository\org\springframework\spring-core\6.0.0-M3\spring-core-6.0.0-M3.jar;C:\Users\Astegic\.m2\repository\org\springframework\spring-jcl\6.0.0-M3\spring-jcl-6.0.0-M3.jar;C:\Users\Astegic\.m2\repository\org\springframework\spring-test\6.0.0-M3\spring-test-6.0.0-M3.jar;C:\Users\Astegic\.m2\repository\org\xmlunit\xmlunit-core\2.9.0\xmlunit-core-2.9.0.jar;C:\Users\Astegic\.m2\repository\org\springframework\boot\spring-boot-starter-data-jpa\3.0.0-M2\spring-boot-starter-data-jpa-3.0.0-M2.jar;C:\Users\Astegic\.m2\repository\org\springframework\boot\spring-boot-starter-aop\3.0.0-M2\spring-boot-starter-aop-3.0.0-M2.jar;C:\Users\Astegic\.m2\repository\org\aspectj\aspectjweaver\1.9.9\aspectjweaver-1.9.9.jar;C:\Users\Astegic\.m2\repository\org\springframework\boot\spring-boot-starter-jdbc\3.0.0-M2\spring-boot-starter-jdbc-3.0.0-M2.jar;C:\Users\Astegic\.m2\repository\com\zaxxer\HikariCP\5.0.1\HikariCP-5.0.1.jar;C:\Users\Astegic\.m2\repository\org\springframework\spring-jdbc\6.0.0-M3\spring-jdbc-6.0.0-M3.jar;C:\Users\Astegic\.m2\repository\org\hibernate\hibernate-core-jakarta\5.6.7.Final\hibernate-core-jakarta-5.6.7.Final.jar;C:\Users\Astegic\.m2\repository\org\jboss\logging\jboss-logging\3.4.3.Final\jboss-logging-3.4.3.Final.jar;C:\Users\Astegic\.m2\repository\jakarta\persistence\jakarta.persistence-api\3.0.0\jakarta.persistence-api-3.0.0.jar;C:\Users\Astegic\.m2\repository\antlr\antlr\2.7.7\antlr-2.7.7.jar;C:\Users\Astegic\.m2\repository\jakarta\transaction\jakarta.transaction-api\2.0.0\jakarta.transaction-api-2.0.0.jar;C:\Users\Astegic\.m2\repository\org\jboss\jandex\2.4.2.Final\jandex-2.4.2.Final.jar;C:\Users\Astegic\.m2\repository\com\fasterxml\classmate\1.5.1\classmate-1.5.1.jar;C:\Users\Astegic\.m2\repository\org\dom4j\dom4j\2.1.3\dom4j-2.1.3.jar;C:\Users\Astegic\.m2\repository\org\hibernate\common\hibernate-commons-annotations\5.1.2.Final\hibernate-commons-annotations-5.1.2.Final.jar;C:\Users\Astegic\.m2\repository\org\glassfish\jaxb\jaxb-runtime\3.0.2\jaxb-runtime-3.0.2.jar;C:\Users\Astegic\.m2\repository\org\glassfish\jaxb\jaxb-core\3.0.2\jaxb-core-3.0.2.jar;C:\Users\Astegic\.m2\repository\org\glassfish\jaxb\txw2\3.0.2\txw2-3.0.2.jar;C:\Users\Astegic\.m2\repository\com\sun\istack\istack-commons-runtime\4.0.1\istack-commons-runtime-4.0.1.jar;C:\Users\Astegic\.m2\repository\org\springframework\data\spring-data-jpa\3.0.0-M3\spring-data-jpa-3.0.0-M3.jar;C:\Users\Astegic\.m2\repository\org\springframework\data\spring-data-commons\3.0.0-M3\spring-data-commons-3.0.0-M3.jar;C:\Users\Astegic\.m2\repository\org\springframework\spring-orm\6.0.0-M3\spring-orm-6.0.0-M3.jar;C:\Users\Astegic\.m2\repository\org\springframework\spring-tx\6.0.0-M3\spring-tx-6.0.0-M3.jar;C:\Users\Astegic\.m2\repository\org\springframework\spring-aspects\6.0.0-M3\spring-aspects-6.0.0-M3.jar;"/>
    <property name="sun.cpu.endian" value="little"/>
    <property name="user.home" value="C:\Users\Astegic"/>
    <property name="user.language" value="en"/>
    <property name="java.specification.vendor" value="Oracle Corporation"/>
    <property name="java.version.date" value="2021-10-19"/>
    <property name="java.home" value="C:\Program Files\Java\jdk-17.0.1"/>
    <property name="file.separator" value="\"/>
    <property name="basedir" value="C:\Users\Astegic\eclipse-workspace\crud"/>
    <property name="java.vm.compressedOopsMode" value="32-bit"/>
    <property name="line.separator" value="&#10;"/>
    <property name="java.vm.specification.vendor" value="Oracle Corporation"/>
    <property name="java.specification.name" value="Java Platform API Specification"/>
    <property name="surefire.real.class.path" value="C:\Users\Astegic\AppData\Local\Temp\surefire4273793119627360975\surefirebooter3862378878744965390.jar"/>
    <property name="user.script" value=""/>
    <property name="sun.management.compiler" value="HotSpot 64-Bit Tiered Compilers"/>
    <property name="java.runtime.version" value="17.0.1+12-LTS-39"/>
    <property name="user.name" value="Astegic"/>
    <property name="path.separator" value=";"/>
    <property name="os.version" value="10.0"/>
    <property name="java.runtime.name" value="Java(TM) SE Runtime Environment"/>
    <property name="file.encoding" value="Cp1252"/>
    <property name="java.vm.name" value="Java HotSpot(TM) 64-Bit Server VM"/>
    <property name="localRepository" value="C:\Users\Astegic\.m2\repository"/>
    <property name="java.vendor.url.bug" value="https://bugreport.java.com/bugreport/"/>
    <property name="java.io.tmpdir" value="C:\Users\Astegic\AppData\Local\Temp\"/>
    <property name="java.version" value="17.0.1"/>
    <property name="user.dir" value="C:\Users\Astegic\eclipse-workspace\crud"/>
    <property name="os.arch" value="amd64"/>
    <property name="java.vm.specification.name" value="Java Virtual Machine Specification"/>
    <property name="sun.os.patch.level" value=""/>
    <property name="native.encoding" value="Cp1252"/>
    <property name="java.library.path" value="C:\Program Files\Java\jdk-17.0.1\bin;C:\WINDOWS\Sun\Java\bin;C:\WINDOWS\system32;C:\WINDOWS;C:\Program Files\Common Files\Oracle\Java\javapath;C:\WINDOWS\system32;C:\WINDOWS;C:\WINDOWS\System32\Wbem;C:\WINDOWS\System32\WindowsPowerShell\v1.0\;C:\WINDOWS\System32\OpenSSH\;C:\Program Files\Microsoft VS Code\bin;C:\opt\apache-maven-3.8.5\bin;C:\Program Files\Git\cmd;C:\Program Files\MySQL\MySQL Server 8.0\bin;C:\Program Files\Java\jdk-18\bin;C:\Users\Astegic\AppData\Local\Microsoft\WindowsApps;C:\Program Files\sfdx\bin;C:\Users\Astegic\AppData\Local\GitHubDesktop\bin;."/>
    <property name="java.vm.info" value="mixed mode, sharing"/>
    <property name="java.vendor" value="Oracle Corporation"/>
    <property name="java.vm.version" value="17.0.1+12-LTS-39"/>
    <property name="sun.io.unicode.encoding" value="UnicodeLittle"/>
    <property name="java.class.version" value="61.0"/>
  </properties>
  <testcase name="contextLoads" classname="com.app.crud.CrudApplicationTests" time="0.452"/>
</testsuite>